#
# A fatal error has been detected by the Java Runtime Environment:
#
#  EXCEPTION_ACCESS_VIOLATION (0xc0000005) at pc=0x60a83bb5, pid=33752, tid=29924
#
# JRE version: Java(TM) SE Runtime Environment (8.0_77-b03) (build 1.8.0_77-b03)
# Java VM: Java HotSpot(TM) Client VM (25.77-b03 mixed mode, sharing windows-x86 )
# Problematic frame:
# V  [jvm.dll+0x83bb5]
#
# Failed to write core dump. Minidumps are not enabled by default on client versions of Windows
#
# If you would like to submit a bug report, please visit:
#   http://bugreport.java.com/bugreport/crash.jsp
#

---------------  T H R E A D  ---------------

Current thread (0x1658e000):  JavaThread "AWT-EventQueue-0" [_thread_in_vm, id=29924, stack(0x17070000,0x170c0000)]

siginfo: ExceptionCode=0xc0000005, reading address 0x0000001c

Registers:
EAX=0x00000011, EBX=0x0000000c, ECX=0x0000000c, EDX=0x16698af0
ESP=0x170bde70, EBP=0x170bdea4, ESI=0x1640edc0, EDI=0x1658e000
EIP=0x60a83bb5, EFLAGS=0x00010202

Top of Stack: (sp=0x170bde70)
0x170bde70:   14804a60 1658e000 14805d68 02a90948
0x170bde80:   00000000 170bdeb4 71310350 0000000d
0x170bde90:   0000000c 1658e000 0000000c 1658e000
0x170bdea0:   00000004 170bded8 60a844f7 170be3d0
0x170bdeb0:   15400ba0 1658e000 15442360 1658e36c
0x170bdec0:   15402360 00000001 1658e000 1658e000
0x170bded0:   15400ba0 1658e000 170bdf2c 60a84f6e
0x170bdee0:   170be3d0 1658e36c 15402360 15442360 

Instructions: (pc=0x60a83bb5)
0x60a83b95:   83 f8 fe 0f 85 0b ff ff ff 8d 45 0c 50 8d 4d f4
0x60a83ba5:   e8 56 f0 f9 ff e9 44 ff ff ff 80 7d 20 00 74 78
0x60a83bb5:   8b 51 10 c1 ea 0a f6 c2 01 74 6d 8b 87 c0 00 00
0x60a83bc5:   00 8b 50 08 8b 35 90 55 d7 60 89 55 dc 8b 50 0c 


Register to memory mapping:

EAX=0x00000011 is an unknown value
EBX=0x0000000c is an unknown value
ECX=0x0000000c is an unknown value
EDX=0x16698af0 is an unknown value
ESP=0x170bde70 is pointing into the stack for thread: 0x1658e000
EBP=0x170bdea4 is pointing into the stack for thread: 0x1658e000
ESI=0x1640edc0 is an unknown value
EDI=0x1658e000 is a thread


Stack: [0x17070000,0x170c0000],  sp=0x170bde70,  free space=311k
Native frames: (J=compiled Java code, j=interpreted, Vv=VM code, C=native code)
V  [jvm.dll+0x83bb5]
V  [jvm.dll+0x844f7]
V  [jvm.dll+0x84f6e]
V  [jvm.dll+0x852ed]
V  [jvm.dll+0x16c122]
V  [jvm.dll+0x16cad2]
V  [jvm.dll+0x16df29]
V  [jvm.dll+0x16e2e9]
v  ~RuntimeStub::ic_miss_stub
J 1460 C1 java.beans.MethodDescriptor.setMethod(Ljava/lang/reflect/Method;)V (41 bytes) @ 0x02a34c54 [0x02a34a10+0x244]
J 1459 C1 java.beans.MethodDescriptor.<init>(Ljava/lang/reflect/Method;[Ljava/beans/ParameterDescriptor;)V (48 bytes) @ 0x02a345bc [0x02a34530+0x8c]
J 1427 C1 java.beans.Introspector.getTargetMethodInfo()[Ljava/beans/MethodDescriptor; (252 bytes) @ 0x02a182e0 [0x02a18060+0x280]
j  java.beans.Introspector.getBeanInfo()Ljava/beans/BeanInfo;+6
j  java.beans.Introspector.getBeanInfo(Ljava/lang/Class;Ljava/lang/Class;I)Ljava/beans/BeanInfo;+27
j  java.beans.Introspector.getBeanInfo(Ljava/lang/Class;I)Ljava/beans/BeanInfo;+3
j  org.jdesktop.beansbinding.BeanProperty.getBeanInfo(Ljava/lang/Object;)Ljava/beans/BeanInfo;+23
J 1696 C1 org.jdesktop.beansbinding.BeanProperty.getPropertyDescriptor(Ljava/lang/Object;Ljava/lang/String;)Ljava/beans/PropertyDescriptor; (87 bytes) @ 0x02a90a84 [0x02a90a70+0x14]
j  org.jdesktop.beansbinding.BeanProperty.getWriter(Ljava/lang/Object;Ljava/lang/String;)Ljava/lang/Object;+36
j  org.jdesktop.beansbinding.BeanProperty.setProperty(Ljava/lang/Object;Ljava/lang/String;Ljava/lang/Object;)V+24
j  org.jdesktop.beansbinding.BeanProperty.setValue(Ljava/lang/Object;Ljava/lang/Object;)V+132
j  org.jdesktop.beansbinding.Binding.refreshUnmanaged()Lorg/jdesktop/beansbinding/Binding$SyncFailure;+34
j  org.jdesktop.beansbinding.Binding.refresh()Lorg/jdesktop/beansbinding/Binding$SyncFailure;+5
j  org.jdesktop.beansbinding.AutoBinding.tryRefreshThenSave()V+1
j  org.jdesktop.beansbinding.AutoBinding.bindImpl()V+36
j  org.jdesktop.beansbinding.Binding.bindUnmanaged()V+5
j  org.jdesktop.beansbinding.Binding.bind()V+5
j  org.jdesktop.beansbinding.BindingGroup.bind()V+39
j  app.view.FixPanel.panelJasa.initComponents()V+2361
j  app.view.FixPanel.panelJasa.<init>()V+5
j  app.view.ShowRoom.initComponents()V+141
j  app.view.ShowRoom.<init>()V+5
j  app.view.ShowRoom$25.run()V+4
j  java.awt.event.InvocationEvent.dispatch()V+47
j  java.awt.EventQueue.dispatchEventImpl(Ljava/awt/AWTEvent;Ljava/lang/Object;)V+21
j  java.awt.EventQueue.access$500(Ljava/awt/EventQueue;Ljava/awt/AWTEvent;Ljava/lang/Object;)V+3
j  java.awt.EventQueue$3.run()Ljava/lang/Void;+32
j  java.awt.EventQueue$3.run()Ljava/lang/Object;+1
v  ~StubRoutines::call_stub
V  [jvm.dll+0x158f95]
V  [jvm.dll+0x21e54e]
V  [jvm.dll+0x15902e]
V  [jvm.dll+0x1098df]
C  [java.dll+0x102f]
j  java.security.ProtectionDomain$JavaSecurityAccessImpl.doIntersectionPrivilege(Ljava/security/PrivilegedAction;Ljava/security/AccessControlContext;Ljava/security/AccessControlContext;)Ljava/lang/Object;+18
j  java.awt.EventQueue.dispatchEvent(Ljava/awt/AWTEvent;)V+46
j  java.awt.EventDispatchThread.pumpOneEventForFilters(I)V+245
j  java.awt.EventDispatchThread.pumpEventsForFilter(ILjava/awt/Conditional;Ljava/awt/EventFilter;)V+35
j  java.awt.EventDispatchThread.pumpEventsForHierarchy(ILjava/awt/Conditional;Ljava/awt/Component;)V+11
j  java.awt.EventDispatchThread.pumpEvents(ILjava/awt/Conditional;)V+4
j  java.awt.EventDispatchThread.pumpEvents(Ljava/awt/Conditional;)V+3
j  java.awt.EventDispatchThread.run()V+9
v  ~StubRoutines::call_stub
V  [jvm.dll+0x158f95]
V  [jvm.dll+0x21e54e]
V  [jvm.dll+0x15902e]
V  [jvm.dll+0x1591b6]
V  [jvm.dll+0x159227]
V  [jvm.dll+0xfd9ef]
V  [jvm.dll+0x17c34c]
V  [jvm.dll+0x17c43a]
V  [jvm.dll+0x1c0a76]
C  [msvcr100.dll+0x5c556]
C  [msvcr100.dll+0x5c600]
C  [kernel32.dll+0x133aa]
C  [ntdll.dll+0x39f72]
C  [ntdll.dll+0x39f45]
C  0x00000000

Java frames: (J=compiled Java code, j=interpreted, Vv=VM code)
v  ~RuntimeStub::ic_miss_stub
J 1460 C1 java.beans.MethodDescriptor.setMethod(Ljava/lang/reflect/Method;)V (41 bytes) @ 0x02a34c54 [0x02a34a10+0x244]
J 1459 C1 java.beans.MethodDescriptor.<init>(Ljava/lang/reflect/Method;[Ljava/beans/ParameterDescriptor;)V (48 bytes) @ 0x02a345bc [0x02a34530+0x8c]
J 1427 C1 java.beans.Introspector.getTargetMethodInfo()[Ljava/beans/MethodDescriptor; (252 bytes) @ 0x02a182e0 [0x02a18060+0x280]
j  java.beans.Introspector.getBeanInfo()Ljava/beans/BeanInfo;+6
j  java.beans.Introspector.getBeanInfo(Ljava/lang/Class;Ljava/lang/Class;I)Ljava/beans/BeanInfo;+27
j  java.beans.Introspector.getBeanInfo(Ljava/lang/Class;I)Ljava/beans/BeanInfo;+3
j  org.jdesktop.beansbinding.BeanProperty.getBeanInfo(Ljava/lang/Object;)Ljava/beans/BeanInfo;+23
J 1696 C1 org.jdesktop.beansbinding.BeanProperty.getPropertyDescriptor(Ljava/lang/Object;Ljava/lang/String;)Ljava/beans/PropertyDescriptor; (87 bytes) @ 0x02a90a84 [0x02a90a70+0x14]
j  org.jdesktop.beansbinding.BeanProperty.getWriter(Ljava/lang/Object;Ljava/lang/String;)Ljava/lang/Object;+36
j  org.jdesktop.beansbinding.BeanProperty.setProperty(Ljava/lang/Object;Ljava/lang/String;Ljava/lang/Object;)V+24
j  org.jdesktop.beansbinding.BeanProperty.setValue(Ljava/lang/Object;Ljava/lang/Object;)V+132
j  org.jdesktop.beansbinding.Binding.refreshUnmanaged()Lorg/jdesktop/beansbinding/Binding$SyncFailure;+34
j  org.jdesktop.beansbinding.Binding.refresh()Lorg/jdesktop/beansbinding/Binding$SyncFailure;+5
j  org.jdesktop.beansbinding.AutoBinding.tryRefreshThenSave()V+1
j  org.jdesktop.beansbinding.AutoBinding.bindImpl()V+36
j  org.jdesktop.beansbinding.Binding.bindUnmanaged()V+5
j  org.jdesktop.beansbinding.Binding.bind()V+5
j  org.jdesktop.beansbinding.BindingGroup.bind()V+39
j  app.view.FixPanel.panelJasa.initComponents()V+2361
j  app.view.FixPanel.panelJasa.<init>()V+5
j  app.view.ShowRoom.initComponents()V+141
j  app.view.ShowRoom.<init>()V+5
j  app.view.ShowRoom$25.run()V+4
j  java.awt.event.InvocationEvent.dispatch()V+47
j  java.awt.EventQueue.dispatchEventImpl(Ljava/awt/AWTEvent;Ljava/lang/Object;)V+21
j  java.awt.EventQueue.access$500(Ljava/awt/EventQueue;Ljava/awt/AWTEvent;Ljava/lang/Object;)V+3
j  java.awt.EventQueue$3.run()Ljava/lang/Void;+32
j  java.awt.EventQueue$3.run()Ljava/lang/Object;+1
v  ~StubRoutines::call_stub
j  java.security.AccessController.doPrivileged(Ljava/security/PrivilegedAction;Ljava/security/AccessControlContext;)Ljava/lang/Object;+0
j  java.security.ProtectionDomain$JavaSecurityAccessImpl.doIntersectionPrivilege(Ljava/security/PrivilegedAction;Ljava/security/AccessControlContext;Ljava/security/AccessControlContext;)Ljava/lang/Object;+18
j  java.awt.EventQueue.dispatchEvent(Ljava/awt/AWTEvent;)V+46
j  java.awt.EventDispatchThread.pumpOneEventForFilters(I)V+245
j  java.awt.EventDispatchThread.pumpEventsForFilter(ILjava/awt/Conditional;Ljava/awt/EventFilter;)V+35
j  java.awt.EventDispatchThread.pumpEventsForHierarchy(ILjava/awt/Conditional;Ljava/awt/Component;)V+11
j  java.awt.EventDispatchThread.pumpEvents(ILjava/awt/Conditional;)V+4
j  java.awt.EventDispatchThread.pumpEvents(Ljava/awt/Conditional;)V+3
j  java.awt.EventDispatchThread.run()V+9
v  ~StubRoutines::call_stub

---------------  P R O C E S S  ---------------

Java Threads: ( => current thread )
  0x175f3800 JavaThread "Image Fetcher 0" daemon [_thread_blocked, id=10200, stack(0x18910000,0x18960000)]
  0x1759a800 JavaThread "TimerQueue" daemon [_thread_blocked, id=34528, stack(0x17cd0000,0x17d20000)]
  0x178e1000 JavaThread "derby.rawStoreDaemon" daemon [_thread_blocked, id=31960, stack(0x047b0000,0x04800000)]
  0x178b7400 JavaThread "Timer-0" daemon [_thread_blocked, id=19172, stack(0x18000000,0x18050000)]
  0x001dc400 JavaThread "DestroyJavaVM" [_thread_blocked, id=23676, stack(0x02720000,0x02770000)]
=>0x1658e000 JavaThread "AWT-EventQueue-0" [_thread_in_vm, id=29924, stack(0x17070000,0x170c0000)]
  0x1640e000 JavaThread "AWT-Windows" daemon [_thread_in_native, id=7012, stack(0x15fb0000,0x16000000)]
  0x1640cc00 JavaThread "AWT-Shutdown" [_thread_blocked, id=37652, stack(0x16500000,0x16550000)]
  0x1640a400 JavaThread "Java2D Disposer" daemon [_thread_blocked, id=23256, stack(0x16480000,0x164d0000)]
  0x00320c00 JavaThread "Service Thread" daemon [_thread_blocked, id=6032, stack(0x15e30000,0x15e80000)]
  0x00300800 JavaThread "C1 CompilerThread0" daemon [_thread_blocked, id=12524, stack(0x15cc0000,0x15d10000)]
  0x002ff800 JavaThread "Attach Listener" daemon [_thread_blocked, id=27352, stack(0x15d10000,0x15d60000)]
  0x002fc800 JavaThread "Signal Dispatcher" daemon [_thread_blocked, id=40612, stack(0x15390000,0x153e0000)]
  0x002f2800 JavaThread "Finalizer" daemon [_thread_blocked, id=17332, stack(0x15ae0000,0x15b30000)]
  0x00295c00 JavaThread "Reference Handler" daemon [_thread_blocked, id=11512, stack(0x152c0000,0x15310000)]

Other Threads:
  0x00291000 VMThread [stack: 0x159b0000,0x15a00000] [id=38400]
  0x00333000 WatcherThread [stack: 0x15bf0000,0x15c40000] [id=15568]

VM state:not at safepoint (normal execution)

VM Mutex/Monitor currently owned by a thread: None

Heap:
 def new generation   total 8640K, used 1204K [0x04800000, 0x05160000, 0x09d50000)
  eden space 7680K,  11% used [0x04800000, 0x048e6470, 0x04f80000)
  from space 960K,  29% used [0x04f80000, 0x04fc6de8, 0x05070000)
  to   space 960K,   0% used [0x05070000, 0x05070000, 0x05160000)
 tenured generation   total 19080K, used 14231K [0x09d50000, 0x0aff2000, 0x14800000)
   the space 19080K,  74% used [0x09d50000, 0x0ab35f48, 0x0ab36000, 0x0aff2000)
 Metaspace       used 16917K, capacity 17201K, committed 17280K, reserved 17792K

Card table byte_map: [0x02570000,0x02600000] byte_map_base: 0x0254c000

Polling page: 0x001a0000

CodeCache: size=32768Kb used=3593Kb max_used=3593Kb free=29174Kb
 bounds [0x02770000, 0x02af8000, 0x04770000]
 total_blobs=2206 nmethods=1899 adapters=235
 compilation: enabled

Compilation events (10 events):
Event: 12.351 Thread 0x00300800 1919  s          java.beans.EventSetDescriptor::setRemoveListenerMethod (46 bytes)
Event: 12.354 Thread 0x00300800 nmethod 1919 0x02af0808 code [0x02af09f0, 0x02af10a4]
Event: 12.354 Thread 0x00300800 1920  s          java.beans.EventSetDescriptor::setGetListenerMethod (46 bytes)
Event: 12.357 Thread 0x00300800 nmethod 1920 0x02af16c8 code [0x02af18b0, 0x02af1f64]
Event: 12.357 Thread 0x00300800 1921             java.beans.EventSetDescriptor::setListenerType (9 bytes)
Event: 12.358 Thread 0x00300800 nmethod 1921 0x02af2588 code [0x02af2690, 0x02af279c]
Event: 12.400 Thread 0x00300800 1922             java.util.HashMap$Values::size (8 bytes)
Event: 12.401 Thread 0x00300800 nmethod 1922 0x02af2848 code [0x02af2940, 0x02af29d0]
Event: 12.415 Thread 0x00300800 1923             sun.reflect.generics.reflectiveObjects.TypeVariableImpl::toString (5 bytes)
Event: 12.416 Thread 0x00300800 nmethod 1923 0x02af2a48 code [0x02af2b40, 0x02af2bc0]

GC Heap History (10 events):
Event: 11.585 GC heap before
{Heap before GC invocations=59 (full 5):
 def new generation   total 8640K, used 7834K [0x04800000, 0x05160000, 0x09d50000)
  eden space 7680K, 100% used [0x04800000, 0x04f80000, 0x04f80000)
  from space 960K,  16% used [0x05070000, 0x05096968, 0x05160000)
  to   space 960K,   0% used [0x04f80000, 0x04f80000, 0x05070000)
 tenured generation   total 19080K, used 13214K [0x09d50000, 0x0aff2000, 0x14800000)
   the space 19080K,  69% used [0x09d50000, 0x0aa37bf8, 0x0aa37c00, 0x0aff2000)
 Metaspace       used 16877K, capacity 17152K, committed 17152K, reserved 17792K
Event: 11.588 GC heap after
Heap after GC invocations=60 (full 5):
 def new generation   total 8640K, used 149K [0x04800000, 0x05160000, 0x09d50000)
  eden space 7680K,   0% used [0x04800000, 0x04800000, 0x04f80000)
  from space 960K,  15% used [0x04f80000, 0x04fa56d8, 0x05070000)
  to   space 960K,   0% used [0x05070000, 0x05070000, 0x05160000)
 tenured generation   total 19080K, used 13214K [0x09d50000, 0x0aff2000, 0x14800000)
   the space 19080K,  69% used [0x09d50000, 0x0aa37bf8, 0x0aa37c00, 0x0aff2000)
 Metaspace       used 16877K, capacity 17152K, committed 17152K, reserved 17792K
}
Event: 11.808 GC heap before
{Heap before GC invocations=60 (full 5):
 def new generation   total 8640K, used 7829K [0x04800000, 0x05160000, 0x09d50000)
  eden space 7680K, 100% used [0x04800000, 0x04f80000, 0x04f80000)
  from space 960K,  15% used [0x04f80000, 0x04fa56d8, 0x05070000)
  to   space 960K,   0% used [0x05070000, 0x05070000, 0x05160000)
 tenured generation   total 19080K, used 13214K [0x09d50000, 0x0aff2000, 0x14800000)
   the space 19080K,  69% used [0x09d50000, 0x0aa37bf8, 0x0aa37c00, 0x0aff2000)
 Metaspace       used 16912K, capacity 17169K, committed 17280K, reserved 17792K
Event: 11.814 GC heap after
Heap after GC invocations=61 (full 5):
 def new generation   total 8640K, used 102K [0x04800000, 0x05160000, 0x09d50000)
  eden space 7680K,   0% used [0x04800000, 0x04800000, 0x04f80000)
  from space 960K,  10% used [0x05070000, 0x05089af0, 0x05160000)
  to   space 960K,   0% used [0x04f80000, 0x04f80000, 0x05070000)
 tenured generation   total 19080K, used 13214K [0x09d50000, 0x0aff2000, 0x14800000)
   the space 19080K,  69% used [0x09d50000, 0x0aa37bf8, 0x0aa37c00, 0x0aff2000)
 Metaspace       used 16912K, capacity 17169K, committed 17280K, reserved 17792K
}
Event: 12.289 GC heap before
{Heap before GC invocations=61 (full 5):
 def new generation   total 8640K, used 7782K [0x04800000, 0x05160000, 0x09d50000)
  eden space 7680K, 100% used [0x04800000, 0x04f80000, 0x04f80000)
  from space 960K,  10% used [0x05070000, 0x05089af0, 0x05160000)
  to   space 960K,   0% used [0x04f80000, 0x04f80000, 0x05070000)
 tenured generation   total 19080K, used 13214K [0x09d50000, 0x0aff2000, 0x14800000)
   the space 19080K,  69% used [0x09d50000, 0x0aa37bf8, 0x0aa37c00, 0x0aff2000)
 Metaspace       used 16916K, capacity 17169K, committed 17280K, reserved 17792K
Event: 12.301 GC heap after
Heap after GC invocations=62 (full 5):
 def new generation   total 8640K, used 960K [0x04800000, 0x05160000, 0x09d50000)
  eden space 7680K,   0% used [0x04800000, 0x04800000, 0x04f80000)
  from space 960K, 100% used [0x04f80000, 0x05070000, 0x05070000)
  to   space 960K,   0% used [0x05070000, 0x05070000, 0x05160000)
 tenured generation   total 19080K, used 13276K [0x09d50000, 0x0aff2000, 0x14800000)
   the space 19080K,  69% used [0x09d50000, 0x0aa47250, 0x0aa47400, 0x0aff2000)
 Metaspace       used 16916K, capacity 17169K, committed 17280K, reserved 17792K
}
Event: 12.387 GC heap before
{Heap before GC invocations=62 (full 5):
 def new generation   total 8640K, used 8640K [0x04800000, 0x05160000, 0x09d50000)
  eden space 7680K, 100% used [0x04800000, 0x04f80000, 0x04f80000)
  from space 960K, 100% used [0x04f80000, 0x05070000, 0x05070000)
  to   space 960K,   0% used [0x05070000, 0x05070000, 0x05160000)
 tenured generation   total 19080K, used 13276K [0x09d50000, 0x0aff2000, 0x14800000)
   the space 19080K,  69% used [0x09d50000, 0x0aa47250, 0x0aa47400, 0x0aff2000)
 Metaspace       used 16916K, capacity 17169K, committed 17280K, reserved 17792K
Event: 12.399 GC heap after
Heap after GC invocations=63 (full 5):
 def new generation   total 8640K, used 305K [0x04800000, 0x05160000, 0x09d50000)
  eden space 7680K,   0% used [0x04800000, 0x04800000, 0x04f80000)
  from space 960K,  31% used [0x05070000, 0x050bc4c8, 0x05160000)
  to   space 960K,   0% used [0x04f80000, 0x04f80000, 0x05070000)
 tenured generation   total 19080K, used 14231K [0x09d50000, 0x0aff2000, 0x14800000)
   the space 19080K,  74% used [0x09d50000, 0x0ab35f48, 0x0ab36000, 0x0aff2000)
 Metaspace       used 16916K, capacity 17169K, committed 17280K, reserved 17792K
}
Event: 12.477 GC heap before
{Heap before GC invocations=63 (full 5):
 def new generation   total 8640K, used 7985K [0x04800000, 0x05160000, 0x09d50000)
  eden space 7680K, 100% used [0x04800000, 0x04f80000, 0x04f80000)
  from space 960K,  31% used [0x05070000, 0x050bc4c8, 0x05160000)
  to   space 960K,   0% used [0x04f80000, 0x04f80000, 0x05070000)
 tenured generation   total 19080K, used 14231K [0x09d50000, 0x0aff2000, 0x14800000)
   the space 19080K,  74% used [0x09d50000, 0x0ab35f48, 0x0ab36000, 0x0aff2000)
 Metaspace       used 16917K, capacity 17201K, committed 17280K, reserved 17792K
Event: 12.482 GC heap after
Heap after GC invocations=64 (full 5):
 def new generation   total 8640K, used 283K [0x04800000, 0x05160000, 0x09d50000)
  eden space 7680K,   0% used [0x04800000, 0x04800000, 0x04f80000)
  from space 960K,  29% used [0x04f80000, 0x04fc6de8, 0x05070000)
  to   space 960K,   0% used [0x05070000, 0x05070000, 0x05160000)
 tenured generation   total 19080K, used 14231K [0x09d50000, 0x0aff2000, 0x14800000)
   the space 19080K,  74% used [0x09d50000, 0x0ab35f48, 0x0ab36000, 0x0aff2000)
 Metaspace       used 16917K, capacity 17201K, committed 17280K, reserved 17792K
}

Deoptimization events (0 events):
No events

Internal exceptions (10 events):
Event: 12.473 Thread 0x1658e000 Exception <a 'java/lang/ClassNotFoundException': java/lang/ObjectCustomizer> (0x04eed2d8) thrown at [C:\workspace\8-2-build-windows-i586-cygwin\jdk8u77\6540\hotspot\src\share\vm\classfile\systemDictionary.cpp, line 210]
Event: 12.474 Thread 0x1658e000 Exception <a 'java/lang/ClassNotFoundException': java/awt/ComponentCustomizer> (0x04ef3a78) thrown at [C:\workspace\8-2-build-windows-i586-cygwin\jdk8u77\6540\hotspot\src\share\vm\classfile\systemDictionary.cpp, line 210]
Event: 12.477 Thread 0x1658e000 Exception <a 'java/lang/ClassNotFoundException': java/awt/ContainerCustomizer> (0x04f72678) thrown at [C:\workspace\8-2-build-windows-i586-cygwin\jdk8u77\6540\hotspot\src\share\vm\classfile\systemDictionary.cpp, line 210]
Event: 12.484 Thread 0x1658e000 Exception <a 'java/lang/ClassNotFoundException': java/awt/WindowCustomizer> (0x048322e8) thrown at [C:\workspace\8-2-build-windows-i586-cygwin\jdk8u77\6540\hotspot\src\share\vm\classfile\systemDictionary.cpp, line 210]
Event: 12.484 Thread 0x1658e000 Exception <a 'java/lang/ArrayIndexOutOfBoundsException'> (0x048443e0) thrown at [C:\workspace\8-2-build-windows-i586-cygwin\jdk8u77\6540\hotspot\src\share\vm\runtime\sharedRuntime.cpp, line 605]
Event: 12.485 Thread 0x1658e000 Exception <a 'java/lang/ArrayIndexOutOfBoundsException'> (0x0484d198) thrown at [C:\workspace\8-2-build-windows-i586-cygwin\jdk8u77\6540\hotspot\src\share\vm\runtime\sharedRuntime.cpp, line 605]
Event: 12.485 Thread 0x1658e000 Exception <a 'java/lang/ArrayIndexOutOfBoundsException'> (0x04856320) thrown at [C:\workspace\8-2-build-windows-i586-cygwin\jdk8u77\6540\hotspot\src\share\vm\runtime\sharedRuntime.cpp, line 605]
Event: 12.485 Thread 0x1658e000 Exception <a 'java/lang/ArrayIndexOutOfBoundsException'> (0x0485cf90) thrown at [C:\workspace\8-2-build-windows-i586-cygwin\jdk8u77\6540\hotspot\src\share\vm\runtime\sharedRuntime.cpp, line 605]
Event: 12.487 Thread 0x1658e000 Exception <a 'java/lang/ClassNotFoundException': java/awt/DialogCustomizer> (0x04898cb0) thrown at [C:\workspace\8-2-build-windows-i586-cygwin\jdk8u77\6540\hotspot\src\share\vm\classfile\systemDictionary.cpp, line 210]
Event: 12.489 Thread 0x1658e000 Exception <a 'java/lang/ClassNotFoundException': javax/swing/JDialogCustomizer> (0x048c53f0) thrown at [C:\workspace\8-2-build-windows-i586-cygwin\jdk8u77\6540\hotspot\src\share\vm\classfile\systemDictionary.cpp, line 210]

Events (10 events):
Event: 12.484 loading class java/awt/WindowCustomizer
Event: 12.484 loading class java/awt/WindowCustomizer done
Event: 12.487 loading class java/awt/DialogCustomizer
Event: 12.487 loading class java/awt/DialogCustomizer done
Event: 12.487 loading class java/awt/DialogCustomizer
Event: 12.487 loading class java/awt/DialogCustomizer done
Event: 12.488 loading class javax/swing/JDialogCustomizer
Event: 12.488 loading class javax/swing/JDialogCustomizer done
Event: 12.489 loading class javax/swing/JDialogCustomizer
Event: 12.489 loading class javax/swing/JDialogCustomizer done


Dynamic libraries:
0x00ce0000 - 0x00d13000 	C:\Program Files (x86)\Java\jdk1.8.0_77\bin\java.exe
0x77580000 - 0x77700000 	C:\Windows\SysWOW64\ntdll.dll
0x75ff0000 - 0x76100000 	C:\Windows\syswow64\kernel32.dll
0x75ec0000 - 0x75f07000 	C:\Windows\syswow64\KERNELBASE.dll
0x762f0000 - 0x76390000 	C:\Windows\syswow64\ADVAPI32.dll
0x75c70000 - 0x75d1c000 	C:\Windows\syswow64\msvcrt.dll
0x762d0000 - 0x762e9000 	C:\Windows\SysWOW64\sechost.dll
0x75020000 - 0x75110000 	C:\Windows\syswow64\RPCRT4.dll
0x74fa0000 - 0x75000000 	C:\Windows\syswow64\SspiCli.dll
0x74f90000 - 0x74f9c000 	C:\Windows\syswow64\CRYPTBASE.dll
0x75320000 - 0x75420000 	C:\Windows\syswow64\USER32.dll
0x75110000 - 0x751a0000 	C:\Windows\syswow64\GDI32.dll
0x75000000 - 0x7500a000 	C:\Windows\syswow64\LPK.dll
0x75ac0000 - 0x75b5d000 	C:\Windows\syswow64\USP10.dll
0x73070000 - 0x7320e000 	C:\Windows\WinSxS\x86_microsoft.windows.common-controls_6595b64144ccf1df_6.0.7601.17514_none_41e6975e2bd6f2b2\COMCTL32.dll
0x76270000 - 0x762c7000 	C:\Windows\syswow64\SHLWAPI.dll
0x75c10000 - 0x75c70000 	C:\Windows\system32\IMM32.DLL
0x75f10000 - 0x75fdc000 	C:\Windows\syswow64\MSCTF.dll
0x73210000 - 0x73239000 	C:\Windows\SysWOW64\nvinit.dll
0x735e0000 - 0x735e9000 	C:\Windows\system32\VERSION.dll
0x74e70000 - 0x74e76000 	C:\Program Files (x86)\NVIDIA Corporation\CoProcManager\detoured.dll
0x74980000 - 0x749b1000 	C:\Program Files (x86)\NVIDIA Corporation\CoProcManager\nvd3d9wrap.dll
0x76fe0000 - 0x7717d000 	C:\Windows\syswow64\SETUPAPI.dll
0x75420000 - 0x75447000 	C:\Windows\syswow64\CFGMGR32.dll
0x75b70000 - 0x75bff000 	C:\Windows\syswow64\OLEAUT32.dll
0x76100000 - 0x7625c000 	C:\Windows\syswow64\ole32.dll
0x752f0000 - 0x75302000 	C:\Windows\syswow64\DEVOBJ.dll
0x749e0000 - 0x74a00000 	C:\Program Files (x86)\NVIDIA Corporation\CoProcManager\nvdxgiwrap.dll
0x71300000 - 0x713bf000 	C:\Program Files (x86)\Java\jdk1.8.0_77\jre\bin\msvcr100.dll
0x60a00000 - 0x60dc8000 	C:\Program Files (x86)\Java\jdk1.8.0_77\jre\bin\client\jvm.dll
0x73560000 - 0x73567000 	C:\Windows\system32\WSOCK32.dll
0x752a0000 - 0x752d5000 	C:\Windows\syswow64\WS2_32.dll
0x77550000 - 0x77556000 	C:\Windows\syswow64\NSI.dll
0x73650000 - 0x73682000 	C:\Windows\system32\WINMM.dll
0x75310000 - 0x75315000 	C:\Windows\syswow64\PSAPI.DLL
0x74840000 - 0x7484c000 	C:\Program Files (x86)\Java\jdk1.8.0_77\jre\bin\verify.dll
0x74810000 - 0x74831000 	C:\Program Files (x86)\Java\jdk1.8.0_77\jre\bin\java.dll
0x74750000 - 0x74763000 	C:\Program Files (x86)\Java\jdk1.8.0_77\jre\bin\zip.dll
0x76390000 - 0x76fda000 	C:\Windows\syswow64\SHELL32.dll
0x749d0000 - 0x749db000 	C:\Windows\system32\profapi.dll
0x6a110000 - 0x6a255000 	C:\Program Files (x86)\Java\jdk1.8.0_77\jre\bin\awt.dll
0x74590000 - 0x74610000 	C:\Windows\system32\uxtheme.dll
0x744e0000 - 0x744f3000 	C:\Windows\system32\dwmapi.dll
0x71440000 - 0x71479000 	C:\Program Files (x86)\Java\jdk1.8.0_77\jre\bin\fontmanager.dll
0x712e0000 - 0x71300000 	C:\Program Files (x86)\Java\jdk1.8.0_77\jre\bin\sunec.dll
0x747f0000 - 0x74806000 	C:\Program Files (x86)\Java\jdk1.8.0_77\jre\bin\net.dll
0x740f0000 - 0x7412c000 	C:\Windows\system32\mswsock.dll
0x70a80000 - 0x70a86000 	C:\Windows\System32\wship6.dll
0x74160000 - 0x74170000 	C:\Windows\system32\NLAapi.dll
0x74150000 - 0x74160000 	C:\Windows\system32\napinsp.dll
0x74130000 - 0x74142000 	C:\Windows\system32\pnrpnsp.dll
0x740a0000 - 0x740e4000 	C:\Windows\system32\DNSAPI.dll
0x74090000 - 0x74098000 	C:\Windows\System32\winrnr.dll
0x74080000 - 0x7408d000 	C:\Windows\system32\wshbth.dll
0x71240000 - 0x71245000 	C:\Windows\System32\wshtcpip.dll
0x73270000 - 0x7328c000 	C:\Windows\system32\IPHLPAPI.DLL
0x73260000 - 0x73267000 	C:\Windows\system32\WINNSI.DLL
0x70c60000 - 0x70c66000 	C:\Windows\system32\rasadhlp.dll
0x70a40000 - 0x70a78000 	C:\Windows\System32\fwpuclnt.dll
0x74610000 - 0x7461a000 	C:\Program Files (x86)\Java\jdk1.8.0_77\jre\bin\management.dll
0x74740000 - 0x7474f000 	C:\Program Files (x86)\Java\jdk1.8.0_77\jre\bin\nio.dll
0x71410000 - 0x71440000 	C:\Program Files (x86)\Java\jdk1.8.0_77\jre\bin\t2k.dll
0x75a30000 - 0x75ab3000 	C:\Windows\syswow64\CLBCatQ.DLL
0x70240000 - 0x70370000 	C:\Windows\system32\WindowsCodecs.dll
0x72f00000 - 0x72f4c000 	C:\Windows\system32\apphelp.dll
0x6fc70000 - 0x6fca1000 	C:\Windows\system32\EhStorShell.dll
0x73d20000 - 0x73e15000 	C:\Windows\system32\PROPSYS.dll
0x6b430000 - 0x6b83a000 	C:\PROGRA~2\MICROS~1\Office14\GROOVEEX.DLL
0x70b20000 - 0x70bc3000 	C:\Windows\WinSxS\x86_microsoft.vc90.crt_1fc8b3b9a1e18e3b_9.0.30729.4940_none_50916076bcb9a742\MSVCR90.dll
0x70a90000 - 0x70b1e000 	C:\Windows\WinSxS\x86_microsoft.vc90.crt_1fc8b3b9a1e18e3b_9.0.30729.4940_none_50916076bcb9a742\MSVCP90.dll
0x70e60000 - 0x70e8b000 	C:\Windows\WinSxS\x86_microsoft.vc90.atl_1fc8b3b9a1e18e3b_9.0.30729.4148_none_51ca66a2bbe76806\ATL90.DLL
0x6b840000 - 0x6bc4f000 	C:\PROGRA~2\COMMON~1\MICROS~1\OFFICE14\Cultures\office.odf
0x6abc0000 - 0x6b424000 	C:\PROGRA~2\MICROS~1\Office14\1033\GrooveIntlResource.dll
0x6f060000 - 0x6f0d0000 	C:\Windows\system32\ntshrui.dll
0x73460000 - 0x73479000 	C:\Windows\system32\srvcli.dll
0x70230000 - 0x7023b000 	C:\Windows\system32\cscapi.dll
0x70220000 - 0x7022a000 	C:\Windows\system32\slc.dll
0x74170000 - 0x7425b000 	C:\Windows\system32\dbghelp.dll

VM Arguments:
jvm_args: -Dfile.encoding=UTF-8 
java_command: app.view.ShowRoom
java_class_path (initial): C:\Program Files (x86)\NetBeans 8.2\java\modules\ext\eclipselink\eclipselink.jar;C:\Program Files (x86)\NetBeans 8.2\java\modules\ext\eclipselink\javax.persistence_2.1.0.v201304241213.jar;C:\Program Files (x86)\NetBeans 8.2\java\modules\ext\eclipselink\org.eclipse.persistence.jpa.jpql_2.5.2.v20140319-9ad6abd.jar;C:\Program Files (x86)\NetBeans 8.2\java\modules\ext\beansbinding-1.2.1.jar;C:\Program Files (x86)\Java\jdk1.8.0_77\db\lib\derby.jar;C:\Users\SEED\Documents\NetBeansProjects\JONES\lib\jcalendar-1.4.jar;C:\Users\SEED\Downloads\javaslang-2.1.0-alpha.jar;E:\DOWNLOAD\lib\commons-beanutils-1.9.3\commons-beanutils-1.9.3.jar;C:\Users\SEED\Downloads\commons-logging-1.1.2.jar;C:\Users\SEED\Downloads\OpenSwing-jars-only-2.4.7\build\commonos.jar;C:\Users\SEED\Downloads\OpenSwing-jars-only-2.4.7\build\clientos.jar;C:\Users\SEED\Documents\jo\blessing\build\classes
Launcher Type: SUN_STANDARD

Environment Variables:
PATH=C:\ProgramData\Oracle\Java\javapath;C:\Program Files (x86)\Intel\iCLS Client\;C:\Program Files\Intel\iCLS Client\;C:\Windows\system32;C:\Windows;C:\Windows\System32\Wbem;C:\Windows\System32\WindowsPowerShell\v1.0\;C:\Program Files (x86)\Common Files\lenovo\easyplussdk\bin;C:\Program Files\Intel\Intel(R) Management Engine Components\DAL;C:\Program Files\Intel\Intel(R) Management Engine Components\IPT;C:\Program Files (x86)\Intel\Intel(R) Management Engine Components\DAL;C:\Program Files (x86)\Intel\Intel(R) Management Engine Components\IPT; C:\Program Files (x86)\WiX Toolset v3.10\bin;C:\Program Files (x86)\NVIDIA Corporation\PhysX\Common
USERNAME=SEED
OS=Windows_NT
PROCESSOR_IDENTIFIER=Intel64 Family 6 Model 69 Stepping 1, GenuineIntel



---------------  S Y S T E M  ---------------

OS: Windows 7 , 64 bit Build 7601 (6.1.7601.18015)

CPU:total 4 (2 cores per cpu, 2 threads per core) family 6 model 69 stepping 1, cmov, cx8, fxsr, mmx, sse, sse2, sse3, ssse3, sse4.1, sse4.2, popcnt, avx, avx2, aes, clmul, erms, lzcnt, ht, tsc, tscinvbit, bmi1, bmi2

Memory: 4k page, physical 6226224k(2653976k free), swap 12450584k(7147204k free)

vm_info: Java HotSpot(TM) Client VM (25.77-b03) for windows-x86 JRE (1.8.0_77-b03), built on Mar 20 2016 22:00:03 by "java_re" with MS VC++ 10.0 (VS2010)

time: Fri Jan 13 06:47:28 2017
elapsed time: 12 seconds (0d 0h 0m 12s)

